{
  "RSpec": {
    "coverage": {
      "/Users/vi1551/Makers/month_3/Final_Project/ReciPeeps/app/controllers/comments_controller.rb": [
        null,
        null,
        1,
        1,
        4,
        null,
        4,
        null,
        null
      ],
      "/Users/vi1551/Makers/month_3/Final_Project/ReciPeeps/app/controllers/ingredients_controller.rb": [
        null,
        null,
        1,
        1,
        43,
        null,
        null,
        1,
        41,
        41,
        41,
        null,
        null,
        1,
        41,
        242,
        null,
        null,
        null,
        null,
        null,
        null
      ],
      "/Users/vi1551/Makers/month_3/Final_Project/ReciPeeps/app/controllers/likes_controller.rb": [
        null,
        null,
        1,
        1,
        null,
        1,
        0,
        null,
        0,
        0,
        null,
        0,
        null,
        0,
        null,
        null,
        1,
        0,
        0,
        null,
        0,
        null,
        0,
        null,
        null,
        1,
        null,
        1,
        0,
        null,
        null,
        null,
        1,
        0,
        null,
        null,
        1,
        0,
        null,
        null
      ],
      "/Users/vi1551/Makers/month_3/Final_Project/ReciPeeps/app/controllers/recipes_controller.rb": [
        null,
        null,
        1,
        1,
        null,
        1,
        47,
        null,
        null,
        1,
        46,
        46,
        46,
        46,
        null,
        46,
        2,
        2,
        null,
        44,
        44,
        44,
        null,
        null,
        null,
        1,
        4,
        4,
        4,
        5,
        null,
        4,
        4,
        4,
        null,
        null,
        1,
        4,
        4,
        4,
        null,
        null,
        1,
        41,
        41,
        41,
        41,
        41,
        null,
        null,
        1,
        20,
        null,
        null
      ],
      "/Users/vi1551/Makers/month_3/Final_Project/ReciPeeps/app/controllers/sessions_controller.rb": [
        null,
        null,
        1,
        1,
        null,
        1,
        null,
        1,
        37,
        37,
        34,
        34,
        null,
        3,
        3,
        null,
        null,
        null,
        1,
        4,
        4,
        null,
        null
      ],
      "/Users/vi1551/Makers/month_3/Final_Project/ReciPeeps/app/controllers/steps_controller.rb": [
        null,
        null,
        1,
        1,
        39,
        null,
        null,
        1,
        37,
        37,
        null,
        null,
        1,
        37,
        218,
        null,
        null,
        null
      ],
      "/Users/vi1551/Makers/month_3/Final_Project/ReciPeeps/app/controllers/users_controller.rb": [
        null,
        null,
        1,
        1,
        null,
        1,
        33,
        null,
        null,
        1,
        2,
        null,
        null,
        1,
        43,
        null,
        null,
        1,
        44,
        44,
        38,
        38,
        null,
        6,
        null,
        null,
        null,
        1,
        null,
        1,
        44,
        null,
        null
      ],
      "/Users/vi1551/Makers/month_3/Final_Project/ReciPeeps/app/models/comment.rb": [
        null,
        null,
        1,
        1,
        null
      ],
      "/Users/vi1551/Makers/month_3/Final_Project/ReciPeeps/app/models/ingredient.rb": [
        null,
        null,
        1,
        1,
        null
      ],
      "/Users/vi1551/Makers/month_3/Final_Project/ReciPeeps/app/models/recipe.rb": [
        null,
        null,
        1,
        1,
        1,
        1,
        null
      ],
      "/Users/vi1551/Makers/month_3/Final_Project/ReciPeeps/app/models/step.rb": [
        null,
        null,
        1,
        1,
        null
      ],
      "/Users/vi1551/Makers/month_3/Final_Project/ReciPeeps/app/models/user.rb": [
        null,
        null,
        1,
        null,
        1,
        1,
        1,
        null,
        null,
        null,
        1,
        1,
        1,
        null
      ],
      "/Users/vi1551/Makers/month_3/Final_Project/ReciPeeps/app/models/like.rb": [
        null,
        null,
        1,
        1,
        1,
        null
      ]
    },
    "timestamp": 1558440144
  }
}
