{
  "RSpec": {
    "coverage": {
      "/Users/LaurenQurashi/Desktop/Projects/Week10/ReciPeeps/app/controllers/comments_controller.rb": [
        null,
        null,
        1,
        1,
        4,
        null,
        4,
        null,
        null
      ],
      "/Users/LaurenQurashi/Desktop/Projects/Week10/ReciPeeps/app/controllers/ingredients_controller.rb": [
        null,
        null,
        1,
        1,
        35,
        null,
        null,
        1,
        33,
        33,
        33,
        null,
        null,
        1,
        33,
        194,
        null,
        null,
        null,
        null,
        null,
        null
      ],
      "/Users/LaurenQurashi/Desktop/Projects/Week10/ReciPeeps/app/controllers/likes_controller.rb": [
        null,
        null,
        1,
        1,
        null,
        1,
        0,
        null,
        0,
        0,
        null,
        0,
        null,
        0,
        null,
        null,
        1,
        0,
        0,
        null,
        0,
        null,
        0,
        null,
        null,
        1,
        null,
        1,
        0,
        null,
        null,
        null,
        1,
        0,
        null,
        null,
        1,
        0,
        null,
        null
      ],
      "/Users/LaurenQurashi/Desktop/Projects/Week10/ReciPeeps/app/controllers/recipes_controller.rb": [
        null,
        null,
        1,
        1,
        null,
        1,
        39,
        null,
        null,
        1,
        38,
        38,
        38,
        38,
        null,
        38,
        2,
        2,
        null,
        36,
        36,
        36,
        null,
        null,
        null,
        1,
        3,
        3,
        3,
        5,
        null,
        3,
        3,
        null,
        null,
        1,
        31,
        31,
        31,
        31,
        31,
        null,
        null,
        1,
        14,
        null,
        null
      ],
      "/Users/LaurenQurashi/Desktop/Projects/Week10/ReciPeeps/app/controllers/sessions_controller.rb": [
        null,
        null,
        1,
        1,
        null,
        1,
        null,
        1,
        33,
        33,
        30,
        30,
        null,
        3,
        3,
        null,
        null,
        null,
        1,
        2,
        2,
        null,
        null
      ],
      "/Users/LaurenQurashi/Desktop/Projects/Week10/ReciPeeps/app/controllers/steps_controller.rb": [
        null,
        null,
        1,
        1,
        31,
        null,
        null,
        1,
        29,
        29,
        null,
        null,
        1,
        29,
        170,
        null,
        null,
        null
      ],
      "/Users/LaurenQurashi/Desktop/Projects/Week10/ReciPeeps/app/controllers/users_controller.rb": [
        null,
        null,
        1,
        1,
        null,
        1,
        31,
        null,
        null,
        1,
        2,
        null,
        null,
        1,
        39,
        null,
        null,
        1,
        40,
        40,
        34,
        34,
        null,
        6,
        null,
        null,
        null,
        1,
        4,
        null,
        null,
        1,
        4,
        4,
        2,
        null,
        2,
        null,
        null,
        null,
        1,
        null,
        1,
        44,
        null,
        null
      ],
      "/Users/LaurenQurashi/Desktop/Projects/Week10/ReciPeeps/app/models/comment.rb": [
        null,
        null,
        1,
        1,
        null
      ],
      "/Users/LaurenQurashi/Desktop/Projects/Week10/ReciPeeps/app/models/ingredient.rb": [
        null,
        null,
        1,
        1,
        null
      ],
      "/Users/LaurenQurashi/Desktop/Projects/Week10/ReciPeeps/app/models/recipe.rb": [
        null,
        null,
        1,
        1,
        1,
        1,
        null
      ],
      "/Users/LaurenQurashi/Desktop/Projects/Week10/ReciPeeps/app/models/step.rb": [
        null,
        null,
        1,
        1,
        null
      ],
      "/Users/LaurenQurashi/Desktop/Projects/Week10/ReciPeeps/app/models/user.rb": [
        null,
        null,
        1,
        null,
        1,
        1,
        1,
        null,
        null,
        null,
        1,
        1,
        1,
        null
      ],
      "/Users/LaurenQurashi/Desktop/Projects/Week10/ReciPeeps/app/models/like.rb": [
        null,
        null,
        1,
        1,
        1,
        null
      ]
    },
    "timestamp": 1558452782
  }
}
